Using pre-set license
Built from '2020.3/release' branch; Version is '2020.3.12f1 (b3b2c6512326) revision 11776710'; Using compiler version '192528614'; Build Type 'Release'
OS: 'Windows 10 Pro; OS build 19043.1237; Version 2009; 64bit' Language: 'en' Physical Memory: 16317 MB
BatchMode: 1, IsHumanControllingUs: 0, StartBugReporterOnCrash: 0, Is64bit: 1, IsPro: 0

 COMMAND LINE ARGUMENTS:
C:\Program Files\Unity\Hub\Editor\2020.3.12f1\Editor\Unity.exe
-adb2
-batchMode
-noUpm
-name
AssetImportWorker1
-projectPath
C:/Users/Jelly/Documents/GitHub/LD49/UnstableBlackHole
-logFile
Logs/AssetImportWorker1.log
-srvPort
49921
Successfully changed project path to: C:/Users/Jelly/Documents/GitHub/LD49/UnstableBlackHole
C:/Users/Jelly/Documents/GitHub/LD49/UnstableBlackHole
Using Asset Import Pipeline V2.
Refreshing native plugins compatible for Editor in 31.89 ms, found 3 plugins.
Preloading 0 native plugins for Editor in 0.00 ms.
Initialize engine version: 2020.3.12f1 (b3b2c6512326)
[Subsystems] Discovering subsystems at path C:/Program Files/Unity/Hub/Editor/2020.3.12f1/Editor/Data/Resources/UnitySubsystems
[Subsystems] Discovering subsystems at path C:/Users/Jelly/Documents/GitHub/LD49/UnstableBlackHole/Assets
GfxDevice: creating device client; threaded=0
Direct3D:
    Version:  Direct3D 11.0 [level 11.1]
    Renderer: NVIDIA GeForce RTX 2070 SUPER (ID=0x1e84)
    Vendor:   
    VRAM:     8011 MB
    Driver:   30.0.14.7111
Initialize mono
Mono path[0] = 'C:/Program Files/Unity/Hub/Editor/2020.3.12f1/Editor/Data/Managed'
Mono path[1] = 'C:/Program Files/Unity/Hub/Editor/2020.3.12f1/Editor/Data/MonoBleedingEdge/lib/mono/unityjit'
Mono config path = 'C:/Program Files/Unity/Hub/Editor/2020.3.12f1/Editor/Data/MonoBleedingEdge/etc'
Using monoOptions --debugger-agent=transport=dt_socket,embedding=1,server=y,suspend=n,address=127.0.0.1:56832
Begin MonoManager ReloadAssembly
Registering precompiled unity dll's ...
Register platform support module: C:/Program Files/Unity/Hub/Editor/2020.3.12f1/Editor/Data/PlaybackEngines/WebGLSupport/UnityEditor.WebGL.Extensions.dll
Register platform support module: C:/Program Files/Unity/Hub/Editor/2020.3.12f1/Editor/Data/PlaybackEngines/WindowsStandaloneSupport/UnityEditor.WindowsStandalone.Extensions.dll
Register platform support module: C:/Program Files/Unity/Hub/Editor/2020.3.12f1/Editor/Data/PlaybackEngines/LinuxStandaloneSupport/UnityEditor.LinuxStandalone.Extensions.dll
Registered in 0.002382 seconds.
Native extension for LinuxStandalone target not found
Native extension for WindowsStandalone target not found
Native extension for WebGL target not found
Refreshing native plugins compatible for Editor in 30.67 ms, found 3 plugins.
Preloading 0 native plugins for Editor in 0.00 ms.
Mono: successfully reloaded assembly
- Completed reload, in  1.821 seconds
Platform modules already initialized, skipping
Registering precompiled user dll's ...
Registered in 0.003545 seconds.
Begin MonoManager ReloadAssembly
Native extension for LinuxStandalone target not found
Native extension for WindowsStandalone target not found
Native extension for WebGL target not found
Refreshing native plugins compatible for Editor in 30.58 ms, found 3 plugins.
Preloading 0 native plugins for Editor in 0.00 ms.
Mono: successfully reloaded assembly
- Completed reload, in  0.826 seconds
Platform modules already initialized, skipping
========================================================================
Worker process is ready to serve import requests
Launched and connected shader compiler UnityShaderCompiler.exe after 0.03 seconds
Refreshing native plugins compatible for Editor in 0.32 ms, found 3 plugins.
Preloading 0 native plugins for Editor in 0.00 ms.
Unloading 2100 Unused Serialized files (Serialized files now loaded: 0)
System memory in use before: 93.5 MB.
System memory in use after: 93.4 MB.

Unloading 33 unused Assets to reduce memory usage. Loaded Objects now: 2534.
Total: 1.608300 ms (FindLiveObjects: 0.158000 ms CreateObjectMapping: 0.072800 ms MarkObjects: 1.290800 ms  DeleteObjects: 0.086100 ms)

AssetImportParameters requested are different than current active one (requested -> active):
  custom:framework-win-MediaFoundation: 216162199b28c13a410421893ffa2e32 -> 
  custom:video-decoder-ogg-theora: a1e56fd34408186e4bbccfd4996cb3dc -> 
  custom:container-muxer-webm: aa71ff27fc2769a1b78a27578f13a17b -> 
  custom:container-demuxer-webm: 4f35f7cbe854078d1ac9338744f61a02 -> 
  custom:container-demuxer-ogg: 62fdf1f143b41e24485cea50d1cbac27 -> 
  custom:video-encoder-webm-vp8: eb34c28f22e8b96e1ab97ce403110664 -> 
  custom:video-decoder-webm-vp8: 9c59270c3fd7afecdb556c50c9e8de78 -> 
  custom:audio-decoder-ogg-vorbis: bf7c407c2cedff20999df2af8eb42d56 -> 
  custom:audio-encoder-webm-vorbis: bf7c407c2cedff20999df2af8eb42d56 -> 
========================================================================
Received Import Request.
  path: Assets/hit.wav
  artifactKey: Guid(90079f338df5a7d40ac01a3d2cbc22d2) Importer(815301076,1909f56bfc062723c751e8b465ee728b)
Start importing Assets/hit.wav using Guid(90079f338df5a7d40ac01a3d2cbc22d2) Importer(815301076,1909f56bfc062723c751e8b465ee728b)  -> (artifact id: '85a4ca2135c897f336b6e201ae6e2f38') in 0.062799 seconds 
  Import took 0.065302 seconds .

========================================================================
Received Prepare
Registering precompiled user dll's ...
Registered in 0.003570 seconds.
Begin MonoManager ReloadAssembly
Native extension for LinuxStandalone target not found
Native extension for WindowsStandalone target not found
Native extension for WebGL target not found
Refreshing native plugins compatible for Editor in 0.33 ms, found 3 plugins.
Preloading 0 native plugins for Editor in 0.00 ms.
Mono: successfully reloaded assembly
- Completed reload, in  0.755 seconds
Platform modules already initialized, skipping
Refreshing native plugins compatible for Editor in 0.32 ms, found 3 plugins.
Preloading 0 native plugins for Editor in 0.00 ms.
Unloading 2095 Unused Serialized files (Serialized files now loaded: 0)
System memory in use before: 96.4 MB.
System memory in use after: 96.4 MB.

Unloading 21 unused Assets to reduce memory usage. Loaded Objects now: 2547.
Total: 1.681200 ms (FindLiveObjects: 0.140200 ms CreateObjectMapping: 0.061400 ms MarkObjects: 1.404700 ms  DeleteObjects: 0.074200 ms)

AssetImportParameters requested are different than current active one (requested -> active):
  custom:framework-win-MediaFoundation: 216162199b28c13a410421893ffa2e32 -> 
  custom:video-decoder-ogg-theora: a1e56fd34408186e4bbccfd4996cb3dc -> 
  custom:container-muxer-webm: aa71ff27fc2769a1b78a27578f13a17b -> 
  custom:container-demuxer-webm: 4f35f7cbe854078d1ac9338744f61a02 -> 
  custom:container-demuxer-ogg: 62fdf1f143b41e24485cea50d1cbac27 -> 
  custom:video-encoder-webm-vp8: eb34c28f22e8b96e1ab97ce403110664 -> 
  custom:video-decoder-webm-vp8: 9c59270c3fd7afecdb556c50c9e8de78 -> 
  custom:audio-decoder-ogg-vorbis: bf7c407c2cedff20999df2af8eb42d56 -> 
  custom:audio-encoder-webm-vorbis: bf7c407c2cedff20999df2af8eb42d56 -> 
========================================================================
Received Import Request.
  Time since last request: 370.832642 seconds.
  path: Assets/Scenes/Menu.unity
  artifactKey: Guid(79ced111c6436c44680435bc76c2f6bd) Importer(815301076,1909f56bfc062723c751e8b465ee728b)
Start importing Assets/Scenes/Menu.unity using Guid(79ced111c6436c44680435bc76c2f6bd) Importer(815301076,1909f56bfc062723c751e8b465ee728b)  -> (artifact id: '490a6e40c2320457c715ca457b3706c2') in 0.014077 seconds 
  Import took 0.017520 seconds .

========================================================================
Received Prepare
Registering precompiled user dll's ...
Registered in 0.003962 seconds.
Begin MonoManager ReloadAssembly
Native extension for LinuxStandalone target not found
Native extension for WindowsStandalone target not found
Native extension for WebGL target not found
Refreshing native plugins compatible for Editor in 0.33 ms, found 3 plugins.
Preloading 0 native plugins for Editor in 0.00 ms.
Mono: successfully reloaded assembly
- Completed reload, in  0.744 seconds
Platform modules already initialized, skipping
Refreshing native plugins compatible for Editor in 0.32 ms, found 3 plugins.
Preloading 0 native plugins for Editor in 0.00 ms.
Unloading 2095 Unused Serialized files (Serialized files now loaded: 0)
System memory in use before: 96.5 MB.
System memory in use after: 96.5 MB.

Unloading 21 unused Assets to reduce memory usage. Loaded Objects now: 2551.
Total: 1.577200 ms (FindLiveObjects: 0.148800 ms CreateObjectMapping: 0.066100 ms MarkObjects: 1.287100 ms  DeleteObjects: 0.074600 ms)

AssetImportParameters requested are different than current active one (requested -> active):
  custom:framework-win-MediaFoundation: 216162199b28c13a410421893ffa2e32 -> 
  custom:video-decoder-ogg-theora: a1e56fd34408186e4bbccfd4996cb3dc -> 
  custom:container-muxer-webm: aa71ff27fc2769a1b78a27578f13a17b -> 
  custom:container-demuxer-webm: 4f35f7cbe854078d1ac9338744f61a02 -> 
  custom:container-demuxer-ogg: 62fdf1f143b41e24485cea50d1cbac27 -> 
  custom:video-encoder-webm-vp8: eb34c28f22e8b96e1ab97ce403110664 -> 
  custom:video-decoder-webm-vp8: 9c59270c3fd7afecdb556c50c9e8de78 -> 
  custom:audio-decoder-ogg-vorbis: bf7c407c2cedff20999df2af8eb42d56 -> 
  custom:audio-encoder-webm-vorbis: bf7c407c2cedff20999df2af8eb42d56 -> 
========================================================================
Received Prepare
Registering precompiled user dll's ...
Registered in 0.003575 seconds.
Begin MonoManager ReloadAssembly
Native extension for LinuxStandalone target not found
Native extension for WindowsStandalone target not found
Native extension for WebGL target not found
Refreshing native plugins compatible for Editor in 0.33 ms, found 3 plugins.
Preloading 0 native plugins for Editor in 0.00 ms.
Mono: successfully reloaded assembly
- Completed reload, in  0.757 seconds
Platform modules already initialized, skipping
Refreshing native plugins compatible for Editor in 0.33 ms, found 3 plugins.
Preloading 0 native plugins for Editor in 0.00 ms.
Unloading 2095 Unused Serialized files (Serialized files now loaded: 0)
System memory in use before: 96.5 MB.
System memory in use after: 96.5 MB.

Unloading 21 unused Assets to reduce memory usage. Loaded Objects now: 2555.
Total: 1.657000 ms (FindLiveObjects: 0.169200 ms CreateObjectMapping: 0.080300 ms MarkObjects: 1.326300 ms  DeleteObjects: 0.080300 ms)

AssetImportParameters requested are different than current active one (requested -> active):
  custom:framework-win-MediaFoundation: 216162199b28c13a410421893ffa2e32 -> 
  custom:video-decoder-ogg-theora: a1e56fd34408186e4bbccfd4996cb3dc -> 
  custom:container-muxer-webm: aa71ff27fc2769a1b78a27578f13a17b -> 
  custom:container-demuxer-webm: 4f35f7cbe854078d1ac9338744f61a02 -> 
  custom:container-demuxer-ogg: 62fdf1f143b41e24485cea50d1cbac27 -> 
  custom:video-encoder-webm-vp8: eb34c28f22e8b96e1ab97ce403110664 -> 
  custom:video-decoder-webm-vp8: 9c59270c3fd7afecdb556c50c9e8de78 -> 
  custom:audio-decoder-ogg-vorbis: bf7c407c2cedff20999df2af8eb42d56 -> 
  custom:audio-encoder-webm-vorbis: bf7c407c2cedff20999df2af8eb42d56 -> 
========================================================================
Received Prepare
Registering precompiled user dll's ...
Registered in 0.004199 seconds.
Begin MonoManager ReloadAssembly
Native extension for LinuxStandalone target not found
Native extension for WindowsStandalone target not found
Native extension for WebGL target not found
Refreshing native plugins compatible for Editor in 0.37 ms, found 3 plugins.
Preloading 0 native plugins for Editor in 0.00 ms.
Mono: successfully reloaded assembly
- Completed reload, in  0.902 seconds
Platform modules already initialized, skipping
Refreshing native plugins compatible for Editor in 0.34 ms, found 3 plugins.
Preloading 0 native plugins for Editor in 0.00 ms.
Unloading 2095 Unused Serialized files (Serialized files now loaded: 0)
System memory in use before: 96.6 MB.
System memory in use after: 96.5 MB.

Unloading 21 unused Assets to reduce memory usage. Loaded Objects now: 2559.
Total: 1.820700 ms (FindLiveObjects: 0.147600 ms CreateObjectMapping: 0.067400 ms MarkObjects: 1.521900 ms  DeleteObjects: 0.083000 ms)

AssetImportParameters requested are different than current active one (requested -> active):
  custom:framework-win-MediaFoundation: 216162199b28c13a410421893ffa2e32 -> 
  custom:video-decoder-ogg-theora: a1e56fd34408186e4bbccfd4996cb3dc -> 
  custom:container-muxer-webm: aa71ff27fc2769a1b78a27578f13a17b -> 
  custom:container-demuxer-webm: 4f35f7cbe854078d1ac9338744f61a02 -> 
  custom:container-demuxer-ogg: 62fdf1f143b41e24485cea50d1cbac27 -> 
  custom:video-encoder-webm-vp8: eb34c28f22e8b96e1ab97ce403110664 -> 
  custom:video-decoder-webm-vp8: 9c59270c3fd7afecdb556c50c9e8de78 -> 
  custom:audio-decoder-ogg-vorbis: bf7c407c2cedff20999df2af8eb42d56 -> 
  custom:audio-encoder-webm-vorbis: bf7c407c2cedff20999df2af8eb42d56 -> 
========================================================================
Received Import Request.
  Time since last request: 4136.334725 seconds.
  path: Assets/bgmusic.wav
  artifactKey: Guid(630f1411ce2a15c4dae59c10ccdd3c5e) Importer(815301076,1909f56bfc062723c751e8b465ee728b)
Start importing Assets/bgmusic.wav using Guid(630f1411ce2a15c4dae59c10ccdd3c5e) Importer(815301076,1909f56bfc062723c751e8b465ee728b)  -> (artifact id: 'dd774d6357426f326d2949e540584deb') in 0.041006 seconds 
  Import took 0.044382 seconds .

========================================================================
Received Prepare
Registering precompiled user dll's ...
Registered in 0.003497 seconds.
Begin MonoManager ReloadAssembly
Native extension for LinuxStandalone target not found
Native extension for WindowsStandalone target not found
Native extension for WebGL target not found
Refreshing native plugins compatible for Editor in 0.33 ms, found 3 plugins.
Preloading 0 native plugins for Editor in 0.00 ms.
Mono: successfully reloaded assembly
- Completed reload, in  0.755 seconds
Platform modules already initialized, skipping
Refreshing native plugins compatible for Editor in 0.33 ms, found 3 plugins.
Preloading 0 native plugins for Editor in 0.00 ms.
Unloading 2095 Unused Serialized files (Serialized files now loaded: 0)
System memory in use before: 96.6 MB.
System memory in use after: 96.6 MB.

Unloading 21 unused Assets to reduce memory usage. Loaded Objects now: 2564.
Total: 1.587400 ms (FindLiveObjects: 0.147400 ms CreateObjectMapping: 0.067800 ms MarkObjects: 1.294200 ms  DeleteObjects: 0.077300 ms)

AssetImportParameters requested are different than current active one (requested -> active):
  custom:framework-win-MediaFoundation: 216162199b28c13a410421893ffa2e32 -> 
  custom:video-decoder-ogg-theora: a1e56fd34408186e4bbccfd4996cb3dc -> 
  custom:container-muxer-webm: aa71ff27fc2769a1b78a27578f13a17b -> 
  custom:container-demuxer-webm: 4f35f7cbe854078d1ac9338744f61a02 -> 
  custom:container-demuxer-ogg: 62fdf1f143b41e24485cea50d1cbac27 -> 
  custom:video-encoder-webm-vp8: eb34c28f22e8b96e1ab97ce403110664 -> 
  custom:video-decoder-webm-vp8: 9c59270c3fd7afecdb556c50c9e8de78 -> 
  custom:audio-decoder-ogg-vorbis: bf7c407c2cedff20999df2af8eb42d56 -> 
  custom:audio-encoder-webm-vorbis: bf7c407c2cedff20999df2af8eb42d56 -> 
========================================================================
Received Import Request.
  Time since last request: 1125.506157 seconds.
  path: Assets/wja2ikvt.bmp
  artifactKey: Guid(91a20533d95bbff40930aad1635fbd90) Importer(815301076,1909f56bfc062723c751e8b465ee728b)
Start importing Assets/wja2ikvt.bmp using Guid(91a20533d95bbff40930aad1635fbd90) Importer(815301076,1909f56bfc062723c751e8b465ee728b)  -> (artifact id: '1ee48719123dee2b668be3bbd83e4311') in 0.065848 seconds 
  Import took 0.068338 seconds .

========================================================================
Received Import Request.
  Time since last request: 3.745042 seconds.
  path: Assets/q4vgq80u.bmp
  artifactKey: Guid(fe954588e323ddd4c88e4f69680e7c62) Importer(815301076,1909f56bfc062723c751e8b465ee728b)
Start importing Assets/q4vgq80u.bmp using Guid(fe954588e323ddd4c88e4f69680e7c62) Importer(815301076,1909f56bfc062723c751e8b465ee728b)  -> (artifact id: '61ab51fedcd7b45da3ed9e51e6292eee') in 0.015335 seconds 
  Import took 0.017850 seconds .

========================================================================
Received Import Request.
  Time since last request: 3.027624 seconds.
  path: Assets/4mus7jfc.bmp
  artifactKey: Guid(88b13af1f2aed8846a92c4ed1b307f3b) Importer(815301076,1909f56bfc062723c751e8b465ee728b)
Start importing Assets/4mus7jfc.bmp using Guid(88b13af1f2aed8846a92c4ed1b307f3b) Importer(815301076,1909f56bfc062723c751e8b465ee728b)  -> (artifact id: 'ef1d341e5490f40f066ce0443a6e7831') in 0.013004 seconds 
  Import took 0.015563 seconds .

========================================================================
Received Import Request.
  Time since last request: 2.539049 seconds.
  path: Assets/23y1yoq3.bmp
  artifactKey: Guid(6dd9e81aa01c01e48a5a3717aa262e20) Importer(815301076,1909f56bfc062723c751e8b465ee728b)
Start importing Assets/23y1yoq3.bmp using Guid(6dd9e81aa01c01e48a5a3717aa262e20) Importer(815301076,1909f56bfc062723c751e8b465ee728b)  -> (artifact id: '9d5ad4c05ae058b92ab3807796d66f11') in 0.015008 seconds 
  Import took 0.017660 seconds .

========================================================================
Received Import Request.
  Time since last request: 271.162008 seconds.
  path: Assets/kuo4kqbx.bmp
  artifactKey: Guid(846647df925383046b2dc218f52560cb) Importer(815301076,1909f56bfc062723c751e8b465ee728b)
Start importing Assets/kuo4kqbx.bmp using Guid(846647df925383046b2dc218f52560cb) Importer(815301076,1909f56bfc062723c751e8b465ee728b)  -> (artifact id: '13a843daf2fe6d0a531882f6fe7ededf') in 0.013026 seconds 
  Import took 0.015877 seconds .

========================================================================
Received Import Request.
  Time since last request: 24.449561 seconds.
  path: Assets/wja2ikvt.bmp
  artifactKey: Guid(91a20533d95bbff40930aad1635fbd90) Importer(815301076,1909f56bfc062723c751e8b465ee728b)
Start importing Assets/wja2ikvt.bmp using Guid(91a20533d95bbff40930aad1635fbd90) Importer(815301076,1909f56bfc062723c751e8b465ee728b)  -> (artifact id: '8fce7d410569a47c1436c1e8f54498fa') in 0.009130 seconds 
  Import took 0.011625 seconds .

========================================================================
Received Import Request.
  Time since last request: 0.002964 seconds.
  path: Assets/4mus7jfc.bmp
  artifactKey: Guid(88b13af1f2aed8846a92c4ed1b307f3b) Importer(815301076,1909f56bfc062723c751e8b465ee728b)
Start importing Assets/4mus7jfc.bmp using Guid(88b13af1f2aed8846a92c4ed1b307f3b) Importer(815301076,1909f56bfc062723c751e8b465ee728b)  -> (artifact id: '3afdefebb8c8f8f5e74d6bb4729b2bd8') in 0.009682 seconds 
  Import took 0.012035 seconds .

========================================================================
Received Import Request.
  Time since last request: 0.000117 seconds.
  path: Assets/kuo4kqbx.bmp
  artifactKey: Guid(846647df925383046b2dc218f52560cb) Importer(815301076,1909f56bfc062723c751e8b465ee728b)
Start importing Assets/kuo4kqbx.bmp using Guid(846647df925383046b2dc218f52560cb) Importer(815301076,1909f56bfc062723c751e8b465ee728b)  -> (artifact id: '6b61b5684796f0d5bec1bb17756ca8a9') in 0.012513 seconds 
  Import took 0.014864 seconds .

========================================================================
Received Import Request.
  Time since last request: 0.000123 seconds.
  path: Assets/23y1yoq3.bmp
  artifactKey: Guid(6dd9e81aa01c01e48a5a3717aa262e20) Importer(815301076,1909f56bfc062723c751e8b465ee728b)
Start importing Assets/23y1yoq3.bmp using Guid(6dd9e81aa01c01e48a5a3717aa262e20) Importer(815301076,1909f56bfc062723c751e8b465ee728b)  -> (artifact id: '71d25ca6dee8f95d1b09c8c9ee443a96') in 0.008954 seconds 
  Import took 0.011243 seconds .

========================================================================
Received Import Request.
  Time since last request: 0.000120 seconds.
  path: Assets/q4vgq80u.bmp
  artifactKey: Guid(fe954588e323ddd4c88e4f69680e7c62) Importer(815301076,1909f56bfc062723c751e8b465ee728b)
Start importing Assets/q4vgq80u.bmp using Guid(fe954588e323ddd4c88e4f69680e7c62) Importer(815301076,1909f56bfc062723c751e8b465ee728b)  -> (artifact id: 'd15584c87d3216f95f5791e1bf2055bf') in 0.010221 seconds 
  Import took 0.012502 seconds .

========================================================================
Received Import Request.
  Time since last request: 0.000182 seconds.
  path: Assets/kuo4kqbx.bmp
  artifactKey: Guid(846647df925383046b2dc218f52560cb) Importer(815301076,1909f56bfc062723c751e8b465ee728b)
Start importing Assets/kuo4kqbx.bmp using Guid(846647df925383046b2dc218f52560cb) Importer(815301076,1909f56bfc062723c751e8b465ee728b)  -> (artifact id: '6b61b5684796f0d5bec1bb17756ca8a9') in 0.008289 seconds 
  Import took 0.010945 seconds .

========================================================================
Received Import Request.
  Time since last request: 0.000175 seconds.
  path: Assets/q4vgq80u.bmp
  artifactKey: Guid(fe954588e323ddd4c88e4f69680e7c62) Importer(815301076,1909f56bfc062723c751e8b465ee728b)
Start importing Assets/q4vgq80u.bmp using Guid(fe954588e323ddd4c88e4f69680e7c62) Importer(815301076,1909f56bfc062723c751e8b465ee728b)  -> (artifact id: 'd15584c87d3216f95f5791e1bf2055bf') in 0.007737 seconds 
  Import took 0.010092 seconds .

========================================================================
Received Import Request.
  Time since last request: 5.754277 seconds.
  path: Assets/playerShip.prefab
  artifactKey: Guid(d5011f45c2627d94ab0e9717a5ec21f6) Importer(815301076,1909f56bfc062723c751e8b465ee728b)
Start importing Assets/playerShip.prefab using Guid(d5011f45c2627d94ab0e9717a5ec21f6) Importer(815301076,1909f56bfc062723c751e8b465ee728b)  -> (artifact id: 'dc518c3fc728b0387ff8e8eae4a6fd77') in 0.030375 seconds 
  Import took 0.032854 seconds .

========================================================================
Received Import Request.
  Time since last request: 11.493576 seconds.
  path: Assets/Acolyte.prefab
  artifactKey: Guid(2c8ec958cfc74174ca77a0d8d783933b) Importer(815301076,1909f56bfc062723c751e8b465ee728b)
Start importing Assets/Acolyte.prefab using Guid(2c8ec958cfc74174ca77a0d8d783933b) Importer(815301076,1909f56bfc062723c751e8b465ee728b)  -> (artifact id: '16210c5ab92b43236ababb570d101490') in 0.011047 seconds 
  Import took 0.013589 seconds .

========================================================================
Received Import Request.
  Time since last request: 0.002243 seconds.
  path: Assets/Acolyte.prefab
  artifactKey: Guid(2c8ec958cfc74174ca77a0d8d783933b) Importer(815301076,1909f56bfc062723c751e8b465ee728b)
Start importing Assets/Acolyte.prefab using Guid(2c8ec958cfc74174ca77a0d8d783933b) Importer(815301076,1909f56bfc062723c751e8b465ee728b)  -> (artifact id: '16210c5ab92b43236ababb570d101490') in 0.007177 seconds 
  Import took 0.009649 seconds .

========================================================================
Received Import Request.
  Time since last request: 23.155593 seconds.
  path: Assets/Acolyte.prefab
  artifactKey: Guid(2c8ec958cfc74174ca77a0d8d783933b) Importer(815301076,1909f56bfc062723c751e8b465ee728b)
Start importing Assets/Acolyte.prefab using Guid(2c8ec958cfc74174ca77a0d8d783933b) Importer(815301076,1909f56bfc062723c751e8b465ee728b)  -> (artifact id: 'b8c1ec5b80e8f6ffb279325176e19644') in 0.009465 seconds 
  Import took 0.012172 seconds .

========================================================================
Received Import Request.
  Time since last request: 0.002705 seconds.
  path: Assets/Acolyte.prefab
  artifactKey: Guid(2c8ec958cfc74174ca77a0d8d783933b) Importer(815301076,1909f56bfc062723c751e8b465ee728b)
Start importing Assets/Acolyte.prefab using Guid(2c8ec958cfc74174ca77a0d8d783933b) Importer(815301076,1909f56bfc062723c751e8b465ee728b)  -> (artifact id: 'b8c1ec5b80e8f6ffb279325176e19644') in 0.012555 seconds 
  Import took 0.015312 seconds .

========================================================================
Received Import Request.
  Time since last request: 12.014743 seconds.
  path: Assets/enemyFighter.prefab
  artifactKey: Guid(05aa358947b1c5d469a235e069e67caa) Importer(815301076,1909f56bfc062723c751e8b465ee728b)
Start importing Assets/enemyFighter.prefab using Guid(05aa358947b1c5d469a235e069e67caa) Importer(815301076,1909f56bfc062723c751e8b465ee728b)  -> (artifact id: 'ce71afc55d5783db05a986f6883a6970') in 0.009928 seconds 
  Import took 0.012611 seconds .

========================================================================
Received Import Request.
  Time since last request: 0.008883 seconds.
  path: Assets/enemyFighter.prefab
  artifactKey: Guid(05aa358947b1c5d469a235e069e67caa) Importer(815301076,1909f56bfc062723c751e8b465ee728b)
Start importing Assets/enemyFighter.prefab using Guid(05aa358947b1c5d469a235e069e67caa) Importer(815301076,1909f56bfc062723c751e8b465ee728b)  -> (artifact id: 'ce71afc55d5783db05a986f6883a6970') in 0.006393 seconds 
  Import took 0.009080 seconds .

========================================================================
Received Import Request.
  Time since last request: 51.652255 seconds.
  path: Assets/Scenes/SampleScene.unity
  artifactKey: Guid(2cda990e2423bbf4892e6590ba056729) Importer(815301076,1909f56bfc062723c751e8b465ee728b)
Start importing Assets/Scenes/SampleScene.unity using Guid(2cda990e2423bbf4892e6590ba056729) Importer(815301076,1909f56bfc062723c751e8b465ee728b)  -> (artifact id: '4c9da2312a97e8084fd7b1690bf13786') in 0.002659 seconds 
  Import took 0.005332 seconds .

========================================================================
Received Prepare
Registering precompiled user dll's ...
Registered in 0.003583 seconds.
Begin MonoManager ReloadAssembly
Native extension for LinuxStandalone target not found
Native extension for WindowsStandalone target not found
Native extension for WebGL target not found
Refreshing native plugins compatible for Editor in 0.63 ms, found 3 plugins.
Preloading 0 native plugins for Editor in 0.00 ms.
Mono: successfully reloaded assembly
- Completed reload, in  0.748 seconds
Platform modules already initialized, skipping
Refreshing native plugins compatible for Editor in 0.32 ms, found 3 plugins.
Preloading 0 native plugins for Editor in 0.00 ms.
Unloading 2095 Unused Serialized files (Serialized files now loaded: 0)
System memory in use before: 96.7 MB.
System memory in use after: 96.6 MB.

Unloading 21 unused Assets to reduce memory usage. Loaded Objects now: 2580.
Total: 1.577700 ms (FindLiveObjects: 0.143900 ms CreateObjectMapping: 0.068200 ms MarkObjects: 1.291700 ms  DeleteObjects: 0.073200 ms)

AssetImportParameters requested are different than current active one (requested -> active):
  custom:framework-win-MediaFoundation: 216162199b28c13a410421893ffa2e32 -> 
  custom:video-decoder-ogg-theora: a1e56fd34408186e4bbccfd4996cb3dc -> 
  custom:container-muxer-webm: aa71ff27fc2769a1b78a27578f13a17b -> 
  custom:container-demuxer-webm: 4f35f7cbe854078d1ac9338744f61a02 -> 
  custom:container-demuxer-ogg: 62fdf1f143b41e24485cea50d1cbac27 -> 
  custom:video-encoder-webm-vp8: eb34c28f22e8b96e1ab97ce403110664 -> 
  custom:video-decoder-webm-vp8: 9c59270c3fd7afecdb556c50c9e8de78 -> 
  custom:audio-decoder-ogg-vorbis: bf7c407c2cedff20999df2af8eb42d56 -> 
  custom:audio-encoder-webm-vorbis: bf7c407c2cedff20999df2af8eb42d56 -> 
========================================================================
Received Import Request.
  Time since last request: 21.856578 seconds.
  path: Assets/playerShip.prefab
  artifactKey: Guid(d5011f45c2627d94ab0e9717a5ec21f6) Importer(815301076,1909f56bfc062723c751e8b465ee728b)
Start importing Assets/playerShip.prefab using Guid(d5011f45c2627d94ab0e9717a5ec21f6) Importer(815301076,1909f56bfc062723c751e8b465ee728b)  -> (artifact id: 'f1b019d6a9dcbf96eadeb2f62e0f5bf7') in 0.037280 seconds 
  Import took 0.039873 seconds .

========================================================================
Received Import Request.
  Time since last request: 5.755291 seconds.
  path: Assets/playerShip.prefab
  artifactKey: Guid(d5011f45c2627d94ab0e9717a5ec21f6) Importer(815301076,1909f56bfc062723c751e8b465ee728b)
Start importing Assets/playerShip.prefab using Guid(d5011f45c2627d94ab0e9717a5ec21f6) Importer(815301076,1909f56bfc062723c751e8b465ee728b)  -> (artifact id: '14abc6bfd22e3395919e6d190f1f0865') in 0.010820 seconds 
  Import took 0.013647 seconds .

========================================================================
Received Import Request.
  Time since last request: 0.003804 seconds.
  path: Assets/playerShip.prefab
  artifactKey: Guid(d5011f45c2627d94ab0e9717a5ec21f6) Importer(815301076,1909f56bfc062723c751e8b465ee728b)
Start importing Assets/playerShip.prefab using Guid(d5011f45c2627d94ab0e9717a5ec21f6) Importer(815301076,1909f56bfc062723c751e8b465ee728b)  -> (artifact id: '14abc6bfd22e3395919e6d190f1f0865') in 0.007653 seconds 
  Import took 0.010164 seconds .

========================================================================
Received Import Request.
  Time since last request: 11.949101 seconds.
  path: Assets/playerShip.prefab
  artifactKey: Guid(d5011f45c2627d94ab0e9717a5ec21f6) Importer(815301076,1909f56bfc062723c751e8b465ee728b)
Start importing Assets/playerShip.prefab using Guid(d5011f45c2627d94ab0e9717a5ec21f6) Importer(815301076,1909f56bfc062723c751e8b465ee728b)  -> (artifact id: 'b58d9a7f53cad2dd2e147ecbaf9321ef') in 0.009157 seconds 
  Import took 0.011710 seconds .

========================================================================
Received Import Request.
  Time since last request: 0.005482 seconds.
  path: Assets/playerShip.prefab
  artifactKey: Guid(d5011f45c2627d94ab0e9717a5ec21f6) Importer(815301076,1909f56bfc062723c751e8b465ee728b)
Start importing Assets/playerShip.prefab using Guid(d5011f45c2627d94ab0e9717a5ec21f6) Importer(815301076,1909f56bfc062723c751e8b465ee728b)  -> (artifact id: 'b58d9a7f53cad2dd2e147ecbaf9321ef') in 0.012470 seconds 
  Import took 0.015109 seconds .

========================================================================
Received Import Request.
  Time since last request: 11.639565 seconds.
  path: Assets/kuo4kqbx.bmp
  artifactKey: Guid(846647df925383046b2dc218f52560cb) Importer(815301076,1909f56bfc062723c751e8b465ee728b)
Start importing Assets/kuo4kqbx.bmp using Guid(846647df925383046b2dc218f52560cb) Importer(815301076,1909f56bfc062723c751e8b465ee728b)  -> (artifact id: '1212f7a62b94902c875c4676f4618270') in 0.021461 seconds 
  Import took 0.023847 seconds .

========================================================================
Received Import Request.
  Time since last request: 4.792513 seconds.
  path: Assets/kuo4kqbx.bmp
  artifactKey: Guid(846647df925383046b2dc218f52560cb) Importer(815301076,1909f56bfc062723c751e8b465ee728b)
Start importing Assets/kuo4kqbx.bmp using Guid(846647df925383046b2dc218f52560cb) Importer(815301076,1909f56bfc062723c751e8b465ee728b)  -> (artifact id: 'd0847aa8739ff5b2ead969c350167afe') in 0.005409 seconds 
  Import took 0.007877 seconds .

========================================================================
Received Import Request.
  Time since last request: 0.004122 seconds.
  path: Assets/kuo4kqbx.bmp
  artifactKey: Guid(846647df925383046b2dc218f52560cb) Importer(815301076,1909f56bfc062723c751e8b465ee728b)
Start importing Assets/kuo4kqbx.bmp using Guid(846647df925383046b2dc218f52560cb) Importer(815301076,1909f56bfc062723c751e8b465ee728b)  -> (artifact id: 'd0847aa8739ff5b2ead969c350167afe') in 0.008399 seconds 
  Import took 0.010904 seconds .

========================================================================
Received Import Request.
  Time since last request: 10.359038 seconds.
  path: Assets/playerShip.prefab
  artifactKey: Guid(d5011f45c2627d94ab0e9717a5ec21f6) Importer(815301076,1909f56bfc062723c751e8b465ee728b)
Start importing Assets/playerShip.prefab using Guid(d5011f45c2627d94ab0e9717a5ec21f6) Importer(815301076,1909f56bfc062723c751e8b465ee728b)  -> (artifact id: '5e299375be61dfb0a71d0947b26b80d1') in 0.006873 seconds 
  Import took 0.009708 seconds .

========================================================================
Received Import Request.
  Time since last request: 0.006664 seconds.
  path: Assets/playerShip.prefab
  artifactKey: Guid(d5011f45c2627d94ab0e9717a5ec21f6) Importer(815301076,1909f56bfc062723c751e8b465ee728b)
Start importing Assets/playerShip.prefab using Guid(d5011f45c2627d94ab0e9717a5ec21f6) Importer(815301076,1909f56bfc062723c751e8b465ee728b)  -> (artifact id: '5e299375be61dfb0a71d0947b26b80d1') in 0.007921 seconds 
  Import took 0.010457 seconds .

========================================================================
Received Import Request.
  Time since last request: 6.233785 seconds.
  path: Assets/playerShip.prefab
  artifactKey: Guid(d5011f45c2627d94ab0e9717a5ec21f6) Importer(815301076,1909f56bfc062723c751e8b465ee728b)
Start importing Assets/playerShip.prefab using Guid(d5011f45c2627d94ab0e9717a5ec21f6) Importer(815301076,1909f56bfc062723c751e8b465ee728b)  -> (artifact id: 'a221d3a1ece316fc782e83e0a9e878aa') in 0.007081 seconds 
  Import took 0.009756 seconds .

========================================================================
Received Import Request.
  Time since last request: 0.007237 seconds.
  path: Assets/playerShip.prefab
  artifactKey: Guid(d5011f45c2627d94ab0e9717a5ec21f6) Importer(815301076,1909f56bfc062723c751e8b465ee728b)
Start importing Assets/playerShip.prefab using Guid(d5011f45c2627d94ab0e9717a5ec21f6) Importer(815301076,1909f56bfc062723c751e8b465ee728b)  -> (artifact id: 'a221d3a1ece316fc782e83e0a9e878aa') in 0.013053 seconds 
  Import took 0.015976 seconds .

========================================================================
Received Import Request.
  Time since last request: 45.503169 seconds.
  path: Assets/Acolyte.prefab
  artifactKey: Guid(2c8ec958cfc74174ca77a0d8d783933b) Importer(815301076,1909f56bfc062723c751e8b465ee728b)
Start importing Assets/Acolyte.prefab using Guid(2c8ec958cfc74174ca77a0d8d783933b) Importer(815301076,1909f56bfc062723c751e8b465ee728b)  -> (artifact id: '4eb3a96b1941d36afc2ad980a75298ab') in 0.007185 seconds 
  Import took 0.009815 seconds .

========================================================================
Received Import Request.
  Time since last request: 3.067702 seconds.
  path: Assets/Acolyte.prefab
  artifactKey: Guid(2c8ec958cfc74174ca77a0d8d783933b) Importer(815301076,1909f56bfc062723c751e8b465ee728b)
Start importing Assets/Acolyte.prefab using Guid(2c8ec958cfc74174ca77a0d8d783933b) Importer(815301076,1909f56bfc062723c751e8b465ee728b)  -> (artifact id: '3efd27a41093fa32828232d7c4428cc6') in 0.008631 seconds 
  Import took 0.011202 seconds .

========================================================================
Received Import Request.
  Time since last request: 0.004429 seconds.
  path: Assets/Acolyte.prefab
  artifactKey: Guid(2c8ec958cfc74174ca77a0d8d783933b) Importer(815301076,1909f56bfc062723c751e8b465ee728b)
Start importing Assets/Acolyte.prefab using Guid(2c8ec958cfc74174ca77a0d8d783933b) Importer(815301076,1909f56bfc062723c751e8b465ee728b)  -> (artifact id: '3efd27a41093fa32828232d7c4428cc6') in 0.007441 seconds 
  Import took 0.010011 seconds .

========================================================================
Received Import Request.
  Time since last request: 6.493999 seconds.
  path: Assets/Acolyte.prefab
  artifactKey: Guid(2c8ec958cfc74174ca77a0d8d783933b) Importer(815301076,1909f56bfc062723c751e8b465ee728b)
Start importing Assets/Acolyte.prefab using Guid(2c8ec958cfc74174ca77a0d8d783933b) Importer(815301076,1909f56bfc062723c751e8b465ee728b)  -> (artifact id: '9aa7d8fed06ceea52c76b516c0d7d9ad') in 0.009561 seconds 
  Import took 0.012339 seconds .

========================================================================
Received Import Request.
  Time since last request: 0.006510 seconds.
  path: Assets/Acolyte.prefab
  artifactKey: Guid(2c8ec958cfc74174ca77a0d8d783933b) Importer(815301076,1909f56bfc062723c751e8b465ee728b)
Start importing Assets/Acolyte.prefab using Guid(2c8ec958cfc74174ca77a0d8d783933b) Importer(815301076,1909f56bfc062723c751e8b465ee728b)  -> (artifact id: '9aa7d8fed06ceea52c76b516c0d7d9ad') in 0.008081 seconds 
  Import took 0.010667 seconds .

========================================================================
Received Import Request.
  Time since last request: 0.571973 seconds.
  path: Assets/Acolyte.prefab
  artifactKey: Guid(2c8ec958cfc74174ca77a0d8d783933b) Importer(815301076,1909f56bfc062723c751e8b465ee728b)
Start importing Assets/Acolyte.prefab using Guid(2c8ec958cfc74174ca77a0d8d783933b) Importer(815301076,1909f56bfc062723c751e8b465ee728b)  -> (artifact id: 'dcc3105bbd0bbd35652e38beb63a597a') in 0.010170 seconds 
  Import took 0.012815 seconds .

========================================================================
Received Import Request.
  Time since last request: 0.002545 seconds.
  path: Assets/Acolyte.prefab
  artifactKey: Guid(2c8ec958cfc74174ca77a0d8d783933b) Importer(815301076,1909f56bfc062723c751e8b465ee728b)
Start importing Assets/Acolyte.prefab using Guid(2c8ec958cfc74174ca77a0d8d783933b) Importer(815301076,1909f56bfc062723c751e8b465ee728b)  -> (artifact id: 'dcc3105bbd0bbd35652e38beb63a597a') in 0.008984 seconds 
  Import took 0.011457 seconds .

========================================================================
Received Import Request.
  Time since last request: 67.512302 seconds.
  path: Assets/Acolyte.prefab
  artifactKey: Guid(2c8ec958cfc74174ca77a0d8d783933b) Importer(815301076,1909f56bfc062723c751e8b465ee728b)
Start importing Assets/Acolyte.prefab using Guid(2c8ec958cfc74174ca77a0d8d783933b) Importer(815301076,1909f56bfc062723c751e8b465ee728b)  -> (artifact id: 'cd1fc40438c93465370b8d942262f2f7') in 0.007435 seconds 
  Import took 0.010894 seconds .

========================================================================
Received Import Request.
  Time since last request: 21.662663 seconds.
  path: Assets/Acolyte.prefab
  artifactKey: Guid(2c8ec958cfc74174ca77a0d8d783933b) Importer(815301076,1909f56bfc062723c751e8b465ee728b)
Start importing Assets/Acolyte.prefab using Guid(2c8ec958cfc74174ca77a0d8d783933b) Importer(815301076,1909f56bfc062723c751e8b465ee728b)  -> (artifact id: '640b8b4f72d0997359b8eeb6aa9a2d44') in 0.010451 seconds 
  Import took 0.013480 seconds .

========================================================================
Received Import Request.
  Time since last request: 24.684718 seconds.
  path: Assets/Acolyte.prefab
  artifactKey: Guid(2c8ec958cfc74174ca77a0d8d783933b) Importer(815301076,1909f56bfc062723c751e8b465ee728b)
Start importing Assets/Acolyte.prefab using Guid(2c8ec958cfc74174ca77a0d8d783933b) Importer(815301076,1909f56bfc062723c751e8b465ee728b)  -> (artifact id: 'f2d537dc0b9721d549dd68b44d5a51a9') in 0.010930 seconds 
  Import took 0.014074 seconds .

========================================================================
Received Import Request.
  Time since last request: 34.371609 seconds.
  path: Assets/enemyFighter.prefab
  artifactKey: Guid(05aa358947b1c5d469a235e069e67caa) Importer(815301076,1909f56bfc062723c751e8b465ee728b)
Start importing Assets/enemyFighter.prefab using Guid(05aa358947b1c5d469a235e069e67caa) Importer(815301076,1909f56bfc062723c751e8b465ee728b)  -> (artifact id: '3f3fdbe1acd1c6aa3b64837115c1c949') in 0.015612 seconds 
  Import took 0.018419 seconds .

========================================================================
Received Prepare
Registering precompiled user dll's ...
Registered in 0.003457 seconds.
Begin MonoManager ReloadAssembly
Native extension for LinuxStandalone target not found
Native extension for WindowsStandalone target not found
Native extension for WebGL target not found
Refreshing native plugins compatible for Editor in 0.34 ms, found 3 plugins.
Preloading 0 native plugins for Editor in 0.00 ms.
Mono: successfully reloaded assembly
- Completed reload, in  0.747 seconds
Platform modules already initialized, skipping
Refreshing native plugins compatible for Editor in 0.31 ms, found 3 plugins.
Preloading 0 native plugins for Editor in 0.00 ms.
Unloading 2095 Unused Serialized files (Serialized files now loaded: 0)
System memory in use before: 96.7 MB.
System memory in use after: 96.7 MB.

Unloading 21 unused Assets to reduce memory usage. Loaded Objects now: 2585.
Total: 1.607600 ms (FindLiveObjects: 0.159600 ms CreateObjectMapping: 0.070600 ms MarkObjects: 1.302700 ms  DeleteObjects: 0.074200 ms)

AssetImportParameters requested are different than current active one (requested -> active):
  custom:framework-win-MediaFoundation: 216162199b28c13a410421893ffa2e32 -> 
  custom:video-decoder-ogg-theora: a1e56fd34408186e4bbccfd4996cb3dc -> 
  custom:container-muxer-webm: aa71ff27fc2769a1b78a27578f13a17b -> 
  custom:container-demuxer-webm: 4f35f7cbe854078d1ac9338744f61a02 -> 
  custom:container-demuxer-ogg: 62fdf1f143b41e24485cea50d1cbac27 -> 
  custom:video-encoder-webm-vp8: eb34c28f22e8b96e1ab97ce403110664 -> 
  custom:video-decoder-webm-vp8: 9c59270c3fd7afecdb556c50c9e8de78 -> 
  custom:audio-decoder-ogg-vorbis: bf7c407c2cedff20999df2af8eb42d56 -> 
  custom:audio-encoder-webm-vorbis: bf7c407c2cedff20999df2af8eb42d56 -> 
========================================================================
Received Prepare
Registering precompiled user dll's ...
Registered in 0.003398 seconds.
Begin MonoManager ReloadAssembly
Native extension for LinuxStandalone target not found
Native extension for WindowsStandalone target not found
Native extension for WebGL target not found
Refreshing native plugins compatible for Editor in 0.33 ms, found 3 plugins.
Preloading 0 native plugins for Editor in 0.00 ms.
Mono: successfully reloaded assembly
- Completed reload, in  0.756 seconds
Platform modules already initialized, skipping
Refreshing native plugins compatible for Editor in 0.33 ms, found 3 plugins.
Preloading 0 native plugins for Editor in 0.00 ms.
Unloading 2095 Unused Serialized files (Serialized files now loaded: 0)
System memory in use before: 96.7 MB.
System memory in use after: 96.7 MB.

Unloading 21 unused Assets to reduce memory usage. Loaded Objects now: 2589.
Total: 1.770400 ms (FindLiveObjects: 0.138800 ms CreateObjectMapping: 0.064800 ms MarkObjects: 1.493100 ms  DeleteObjects: 0.073100 ms)

AssetImportParameters requested are different than current active one (requested -> active):
  custom:framework-win-MediaFoundation: 216162199b28c13a410421893ffa2e32 -> 
  custom:video-decoder-ogg-theora: a1e56fd34408186e4bbccfd4996cb3dc -> 
  custom:container-muxer-webm: aa71ff27fc2769a1b78a27578f13a17b -> 
  custom:container-demuxer-webm: 4f35f7cbe854078d1ac9338744f61a02 -> 
  custom:container-demuxer-ogg: 62fdf1f143b41e24485cea50d1cbac27 -> 
  custom:video-encoder-webm-vp8: eb34c28f22e8b96e1ab97ce403110664 -> 
  custom:video-decoder-webm-vp8: 9c59270c3fd7afecdb556c50c9e8de78 -> 
  custom:audio-decoder-ogg-vorbis: bf7c407c2cedff20999df2af8eb42d56 -> 
  custom:audio-encoder-webm-vorbis: bf7c407c2cedff20999df2af8eb42d56 -> 
========================================================================
Received Prepare
Registering precompiled user dll's ...
Registered in 0.003588 seconds.
Begin MonoManager ReloadAssembly
Native extension for LinuxStandalone target not found
Native extension for WindowsStandalone target not found
Native extension for WebGL target not found
Refreshing native plugins compatible for Editor in 0.33 ms, found 3 plugins.
Preloading 0 native plugins for Editor in 0.00 ms.
Mono: successfully reloaded assembly
- Completed reload, in  0.759 seconds
Platform modules already initialized, skipping
Refreshing native plugins compatible for Editor in 0.35 ms, found 3 plugins.
Preloading 0 native plugins for Editor in 0.00 ms.
Unloading 2095 Unused Serialized files (Serialized files now loaded: 0)
System memory in use before: 96.7 MB.
System memory in use after: 96.7 MB.

Unloading 21 unused Assets to reduce memory usage. Loaded Objects now: 2593.
Total: 1.705000 ms (FindLiveObjects: 0.139400 ms CreateObjectMapping: 0.064400 ms MarkObjects: 1.415200 ms  DeleteObjects: 0.085300 ms)

AssetImportParameters requested are different than current active one (requested -> active):
  custom:framework-win-MediaFoundation: 216162199b28c13a410421893ffa2e32 -> 
  custom:video-decoder-ogg-theora: a1e56fd34408186e4bbccfd4996cb3dc -> 
  custom:container-muxer-webm: aa71ff27fc2769a1b78a27578f13a17b -> 
  custom:container-demuxer-webm: 4f35f7cbe854078d1ac9338744f61a02 -> 
  custom:container-demuxer-ogg: 62fdf1f143b41e24485cea50d1cbac27 -> 
  custom:video-encoder-webm-vp8: eb34c28f22e8b96e1ab97ce403110664 -> 
  custom:video-decoder-webm-vp8: 9c59270c3fd7afecdb556c50c9e8de78 -> 
  custom:audio-decoder-ogg-vorbis: bf7c407c2cedff20999df2af8eb42d56 -> 
  custom:audio-encoder-webm-vorbis: bf7c407c2cedff20999df2af8eb42d56 -> 
========================================================================
Received Prepare
Registering precompiled user dll's ...
Registered in 0.003469 seconds.
Begin MonoManager ReloadAssembly
Native extension for LinuxStandalone target not found
Native extension for WindowsStandalone target not found
Native extension for WebGL target not found
Refreshing native plugins compatible for Editor in 0.34 ms, found 3 plugins.
Preloading 0 native plugins for Editor in 0.00 ms.
Mono: successfully reloaded assembly
- Completed reload, in  0.754 seconds
Platform modules already initialized, skipping
Refreshing native plugins compatible for Editor in 0.33 ms, found 3 plugins.
Preloading 0 native plugins for Editor in 0.00 ms.
Unloading 2095 Unused Serialized files (Serialized files now loaded: 0)
System memory in use before: 96.7 MB.
System memory in use after: 96.7 MB.

Unloading 21 unused Assets to reduce memory usage. Loaded Objects now: 2597.
Total: 1.582200 ms (FindLiveObjects: 0.141900 ms CreateObjectMapping: 0.069700 ms MarkObjects: 1.294400 ms  DeleteObjects: 0.075700 ms)

AssetImportParameters requested are different than current active one (requested -> active):
  custom:framework-win-MediaFoundation: 216162199b28c13a410421893ffa2e32 -> 
  custom:video-decoder-ogg-theora: a1e56fd34408186e4bbccfd4996cb3dc -> 
  custom:container-muxer-webm: aa71ff27fc2769a1b78a27578f13a17b -> 
  custom:container-demuxer-webm: 4f35f7cbe854078d1ac9338744f61a02 -> 
  custom:container-demuxer-ogg: 62fdf1f143b41e24485cea50d1cbac27 -> 
  custom:video-encoder-webm-vp8: eb34c28f22e8b96e1ab97ce403110664 -> 
  custom:video-decoder-webm-vp8: 9c59270c3fd7afecdb556c50c9e8de78 -> 
  custom:audio-decoder-ogg-vorbis: bf7c407c2cedff20999df2af8eb42d56 -> 
  custom:audio-encoder-webm-vorbis: bf7c407c2cedff20999df2af8eb42d56 -> 
========================================================================
Received Prepare
Registering precompiled user dll's ...
Registered in 0.003455 seconds.
Begin MonoManager ReloadAssembly
Native extension for LinuxStandalone target not found
Native extension for WindowsStandalone target not found
Native extension for WebGL target not found
Refreshing native plugins compatible for Editor in 0.34 ms, found 3 plugins.
Preloading 0 native plugins for Editor in 0.00 ms.
Mono: successfully reloaded assembly
- Completed reload, in  0.732 seconds
Platform modules already initialized, skipping
Refreshing native plugins compatible for Editor in 0.33 ms, found 3 plugins.
Preloading 0 native plugins for Editor in 0.00 ms.
Unloading 2095 Unused Serialized files (Serialized files now loaded: 0)
System memory in use before: 96.7 MB.
System memory in use after: 96.7 MB.

Unloading 21 unused Assets to reduce memory usage. Loaded Objects now: 2601.
Total: 1.794000 ms (FindLiveObjects: 0.241900 ms CreateObjectMapping: 0.078100 ms MarkObjects: 1.396200 ms  DeleteObjects: 0.076700 ms)

AssetImportParameters requested are different than current active one (requested -> active):
  custom:framework-win-MediaFoundation: 216162199b28c13a410421893ffa2e32 -> 
  custom:video-decoder-ogg-theora: a1e56fd34408186e4bbccfd4996cb3dc -> 
  custom:container-muxer-webm: aa71ff27fc2769a1b78a27578f13a17b -> 
  custom:container-demuxer-webm: 4f35f7cbe854078d1ac9338744f61a02 -> 
  custom:container-demuxer-ogg: 62fdf1f143b41e24485cea50d1cbac27 -> 
  custom:video-encoder-webm-vp8: eb34c28f22e8b96e1ab97ce403110664 -> 
  custom:video-decoder-webm-vp8: 9c59270c3fd7afecdb556c50c9e8de78 -> 
  custom:audio-decoder-ogg-vorbis: bf7c407c2cedff20999df2af8eb42d56 -> 
  custom:audio-encoder-webm-vorbis: bf7c407c2cedff20999df2af8eb42d56 -> 
========================================================================
Received Prepare
Registering precompiled user dll's ...
Registered in 0.003417 seconds.
Begin MonoManager ReloadAssembly
Native extension for LinuxStandalone target not found
Native extension for WindowsStandalone target not found
Native extension for WebGL target not found
Refreshing native plugins compatible for Editor in 0.33 ms, found 3 plugins.
Preloading 0 native plugins for Editor in 0.00 ms.
Mono: successfully reloaded assembly
- Completed reload, in  0.748 seconds
Platform modules already initialized, skipping
Refreshing native plugins compatible for Editor in 0.32 ms, found 3 plugins.
Preloading 0 native plugins for Editor in 0.00 ms.
Unloading 2095 Unused Serialized files (Serialized files now loaded: 0)
System memory in use before: 96.7 MB.
System memory in use after: 96.7 MB.

Unloading 21 unused Assets to reduce memory usage. Loaded Objects now: 2605.
Total: 1.618400 ms (FindLiveObjects: 0.139400 ms CreateObjectMapping: 0.064900 ms MarkObjects: 1.307200 ms  DeleteObjects: 0.106000 ms)

AssetImportParameters requested are different than current active one (requested -> active):
  custom:framework-win-MediaFoundation: 216162199b28c13a410421893ffa2e32 -> 
  custom:video-decoder-ogg-theora: a1e56fd34408186e4bbccfd4996cb3dc -> 
  custom:container-muxer-webm: aa71ff27fc2769a1b78a27578f13a17b -> 
  custom:container-demuxer-webm: 4f35f7cbe854078d1ac9338744f61a02 -> 
  custom:container-demuxer-ogg: 62fdf1f143b41e24485cea50d1cbac27 -> 
  custom:video-encoder-webm-vp8: eb34c28f22e8b96e1ab97ce403110664 -> 
  custom:video-decoder-webm-vp8: 9c59270c3fd7afecdb556c50c9e8de78 -> 
  custom:audio-decoder-ogg-vorbis: bf7c407c2cedff20999df2af8eb42d56 -> 
  custom:audio-encoder-webm-vorbis: bf7c407c2cedff20999df2af8eb42d56 -> 
========================================================================
Received Prepare
Registering precompiled user dll's ...
Registered in 0.003447 seconds.
Begin MonoManager ReloadAssembly
Native extension for LinuxStandalone target not found
Native extension for WindowsStandalone target not found
Native extension for WebGL target not found
Refreshing native plugins compatible for Editor in 0.33 ms, found 3 plugins.
Preloading 0 native plugins for Editor in 0.00 ms.
Mono: successfully reloaded assembly
- Completed reload, in  0.743 seconds
Platform modules already initialized, skipping
Refreshing native plugins compatible for Editor in 0.33 ms, found 3 plugins.
Preloading 0 native plugins for Editor in 0.00 ms.
Unloading 2095 Unused Serialized files (Serialized files now loaded: 0)
System memory in use before: 96.8 MB.
System memory in use after: 96.7 MB.

Unloading 21 unused Assets to reduce memory usage. Loaded Objects now: 2609.
Total: 1.613800 ms (FindLiveObjects: 0.151200 ms CreateObjectMapping: 0.070400 ms MarkObjects: 1.315800 ms  DeleteObjects: 0.075600 ms)

AssetImportParameters requested are different than current active one (requested -> active):
  custom:framework-win-MediaFoundation: 216162199b28c13a410421893ffa2e32 -> 
  custom:video-decoder-ogg-theora: a1e56fd34408186e4bbccfd4996cb3dc -> 
  custom:container-muxer-webm: aa71ff27fc2769a1b78a27578f13a17b -> 
  custom:container-demuxer-webm: 4f35f7cbe854078d1ac9338744f61a02 -> 
  custom:container-demuxer-ogg: 62fdf1f143b41e24485cea50d1cbac27 -> 
  custom:video-encoder-webm-vp8: eb34c28f22e8b96e1ab97ce403110664 -> 
  custom:video-decoder-webm-vp8: 9c59270c3fd7afecdb556c50c9e8de78 -> 
  custom:audio-decoder-ogg-vorbis: bf7c407c2cedff20999df2af8eb42d56 -> 
  custom:audio-encoder-webm-vorbis: bf7c407c2cedff20999df2af8eb42d56 -> 
========================================================================
Received Prepare
Registering precompiled user dll's ...
Registered in 0.003479 seconds.
Begin MonoManager ReloadAssembly
Native extension for LinuxStandalone target not found
Native extension for WindowsStandalone target not found
Native extension for WebGL target not found
Refreshing native plugins compatible for Editor in 0.34 ms, found 3 plugins.
Preloading 0 native plugins for Editor in 0.00 ms.
Mono: successfully reloaded assembly
- Completed reload, in  0.763 seconds
Platform modules already initialized, skipping
Refreshing native plugins compatible for Editor in 0.34 ms, found 3 plugins.
Preloading 0 native plugins for Editor in 0.00 ms.
Unloading 2095 Unused Serialized files (Serialized files now loaded: 0)
System memory in use before: 96.8 MB.
System memory in use after: 96.7 MB.

Unloading 21 unused Assets to reduce memory usage. Loaded Objects now: 2613.
Total: 1.615300 ms (FindLiveObjects: 0.146600 ms CreateObjectMapping: 0.061900 ms MarkObjects: 1.326900 ms  DeleteObjects: 0.079200 ms)

AssetImportParameters requested are different than current active one (requested -> active):
  custom:framework-win-MediaFoundation: 216162199b28c13a410421893ffa2e32 -> 
  custom:video-decoder-ogg-theora: a1e56fd34408186e4bbccfd4996cb3dc -> 
  custom:container-muxer-webm: aa71ff27fc2769a1b78a27578f13a17b -> 
  custom:container-demuxer-webm: 4f35f7cbe854078d1ac9338744f61a02 -> 
  custom:container-demuxer-ogg: 62fdf1f143b41e24485cea50d1cbac27 -> 
  custom:video-encoder-webm-vp8: eb34c28f22e8b96e1ab97ce403110664 -> 
  custom:video-decoder-webm-vp8: 9c59270c3fd7afecdb556c50c9e8de78 -> 
  custom:audio-decoder-ogg-vorbis: bf7c407c2cedff20999df2af8eb42d56 -> 
  custom:audio-encoder-webm-vorbis: bf7c407c2cedff20999df2af8eb42d56 -> 
========================================================================
Received Prepare
Registering precompiled user dll's ...
Registered in 0.003503 seconds.
Begin MonoManager ReloadAssembly
Native extension for LinuxStandalone target not found
Native extension for WindowsStandalone target not found
Native extension for WebGL target not found
Refreshing native plugins compatible for Editor in 0.34 ms, found 3 plugins.
Preloading 0 native plugins for Editor in 0.00 ms.
Mono: successfully reloaded assembly
- Completed reload, in  0.754 seconds
Platform modules already initialized, skipping
Refreshing native plugins compatible for Editor in 0.32 ms, found 3 plugins.
Preloading 0 native plugins for Editor in 0.00 ms.
Unloading 2095 Unused Serialized files (Serialized files now loaded: 0)
System memory in use before: 96.8 MB.
System memory in use after: 96.8 MB.

Unloading 21 unused Assets to reduce memory usage. Loaded Objects now: 2617.
Total: 1.728000 ms (FindLiveObjects: 0.166500 ms CreateObjectMapping: 0.068600 ms MarkObjects: 1.417700 ms  DeleteObjects: 0.074500 ms)

AssetImportParameters requested are different than current active one (requested -> active):
  custom:framework-win-MediaFoundation: 216162199b28c13a410421893ffa2e32 -> 
  custom:video-decoder-ogg-theora: a1e56fd34408186e4bbccfd4996cb3dc -> 
  custom:container-muxer-webm: aa71ff27fc2769a1b78a27578f13a17b -> 
  custom:container-demuxer-webm: 4f35f7cbe854078d1ac9338744f61a02 -> 
  custom:container-demuxer-ogg: 62fdf1f143b41e24485cea50d1cbac27 -> 
  custom:video-encoder-webm-vp8: eb34c28f22e8b96e1ab97ce403110664 -> 
  custom:video-decoder-webm-vp8: 9c59270c3fd7afecdb556c50c9e8de78 -> 
  custom:audio-decoder-ogg-vorbis: bf7c407c2cedff20999df2af8eb42d56 -> 
  custom:audio-encoder-webm-vorbis: bf7c407c2cedff20999df2af8eb42d56 -> 
========================================================================
Received Prepare
Registering precompiled user dll's ...
Registered in 0.003478 seconds.
Begin MonoManager ReloadAssembly
Native extension for LinuxStandalone target not found
Native extension for WindowsStandalone target not found
Native extension for WebGL target not found
Refreshing native plugins compatible for Editor in 0.34 ms, found 3 plugins.
Preloading 0 native plugins for Editor in 0.00 ms.
Mono: successfully reloaded assembly
- Completed reload, in  0.754 seconds
Platform modules already initialized, skipping
Refreshing native plugins compatible for Editor in 0.33 ms, found 3 plugins.
Preloading 0 native plugins for Editor in 0.00 ms.
Unloading 2095 Unused Serialized files (Serialized files now loaded: 0)
System memory in use before: 96.8 MB.
System memory in use after: 96.8 MB.

Unloading 21 unused Assets to reduce memory usage. Loaded Objects now: 2621.
Total: 1.764500 ms (FindLiveObjects: 0.154000 ms CreateObjectMapping: 0.067800 ms MarkObjects: 1.463400 ms  DeleteObjects: 0.078500 ms)

AssetImportParameters requested are different than current active one (requested -> active):
  custom:framework-win-MediaFoundation: 216162199b28c13a410421893ffa2e32 -> 
  custom:video-decoder-ogg-theora: a1e56fd34408186e4bbccfd4996cb3dc -> 
  custom:container-muxer-webm: aa71ff27fc2769a1b78a27578f13a17b -> 
  custom:container-demuxer-webm: 4f35f7cbe854078d1ac9338744f61a02 -> 
  custom:container-demuxer-ogg: 62fdf1f143b41e24485cea50d1cbac27 -> 
  custom:video-encoder-webm-vp8: eb34c28f22e8b96e1ab97ce403110664 -> 
  custom:video-decoder-webm-vp8: 9c59270c3fd7afecdb556c50c9e8de78 -> 
  custom:audio-decoder-ogg-vorbis: bf7c407c2cedff20999df2af8eb42d56 -> 
  custom:audio-encoder-webm-vorbis: bf7c407c2cedff20999df2af8eb42d56 -> 
========================================================================
Received Prepare
Registering precompiled user dll's ...
Registered in 0.003487 seconds.
Begin MonoManager ReloadAssembly
Native extension for LinuxStandalone target not found
Native extension for WindowsStandalone target not found
Native extension for WebGL target not found
Refreshing native plugins compatible for Editor in 0.33 ms, found 3 plugins.
Preloading 0 native plugins for Editor in 0.00 ms.
Mono: successfully reloaded assembly
- Completed reload, in  0.748 seconds
Platform modules already initialized, skipping
Refreshing native plugins compatible for Editor in 0.36 ms, found 3 plugins.
Preloading 0 native plugins for Editor in 0.00 ms.
Unloading 2095 Unused Serialized files (Serialized files now loaded: 0)
System memory in use before: 96.8 MB.
System memory in use after: 96.8 MB.

Unloading 21 unused Assets to reduce memory usage. Loaded Objects now: 2625.
Total: 1.709600 ms (FindLiveObjects: 0.151200 ms CreateObjectMapping: 0.074900 ms MarkObjects: 1.407600 ms  DeleteObjects: 0.075300 ms)

AssetImportParameters requested are different than current active one (requested -> active):
  custom:framework-win-MediaFoundation: 216162199b28c13a410421893ffa2e32 -> 
  custom:video-decoder-ogg-theora: a1e56fd34408186e4bbccfd4996cb3dc -> 
  custom:container-muxer-webm: aa71ff27fc2769a1b78a27578f13a17b -> 
  custom:container-demuxer-webm: 4f35f7cbe854078d1ac9338744f61a02 -> 
  custom:container-demuxer-ogg: 62fdf1f143b41e24485cea50d1cbac27 -> 
  custom:video-encoder-webm-vp8: eb34c28f22e8b96e1ab97ce403110664 -> 
  custom:video-decoder-webm-vp8: 9c59270c3fd7afecdb556c50c9e8de78 -> 
  custom:audio-decoder-ogg-vorbis: bf7c407c2cedff20999df2af8eb42d56 -> 
  custom:audio-encoder-webm-vorbis: bf7c407c2cedff20999df2af8eb42d56 -> 
========================================================================
Received Prepare
Registering precompiled user dll's ...
Registered in 0.003451 seconds.
Begin MonoManager ReloadAssembly
Native extension for LinuxStandalone target not found
Native extension for WindowsStandalone target not found
Native extension for WebGL target not found
Refreshing native plugins compatible for Editor in 0.65 ms, found 3 plugins.
Preloading 0 native plugins for Editor in 0.00 ms.
Mono: successfully reloaded assembly
- Completed reload, in  0.738 seconds
Platform modules already initialized, skipping
Refreshing native plugins compatible for Editor in 0.33 ms, found 3 plugins.
Preloading 0 native plugins for Editor in 0.00 ms.
Unloading 2095 Unused Serialized files (Serialized files now loaded: 0)
System memory in use before: 96.8 MB.
System memory in use after: 96.8 MB.

Unloading 21 unused Assets to reduce memory usage. Loaded Objects now: 2629.
Total: 1.728400 ms (FindLiveObjects: 0.150500 ms CreateObjectMapping: 0.069200 ms MarkObjects: 1.429200 ms  DeleteObjects: 0.078700 ms)

AssetImportParameters requested are different than current active one (requested -> active):
  custom:framework-win-MediaFoundation: 216162199b28c13a410421893ffa2e32 -> 
  custom:video-decoder-ogg-theora: a1e56fd34408186e4bbccfd4996cb3dc -> 
  custom:container-muxer-webm: aa71ff27fc2769a1b78a27578f13a17b -> 
  custom:container-demuxer-webm: 4f35f7cbe854078d1ac9338744f61a02 -> 
  custom:container-demuxer-ogg: 62fdf1f143b41e24485cea50d1cbac27 -> 
  custom:video-encoder-webm-vp8: eb34c28f22e8b96e1ab97ce403110664 -> 
  custom:video-decoder-webm-vp8: 9c59270c3fd7afecdb556c50c9e8de78 -> 
  custom:audio-decoder-ogg-vorbis: bf7c407c2cedff20999df2af8eb42d56 -> 
  custom:audio-encoder-webm-vorbis: bf7c407c2cedff20999df2af8eb42d56 -> 
========================================================================
Received Prepare
Registering precompiled user dll's ...
Registered in 0.003432 seconds.
Begin MonoManager ReloadAssembly
Native extension for LinuxStandalone target not found
Native extension for WindowsStandalone target not found
Native extension for WebGL target not found
Refreshing native plugins compatible for Editor in 0.33 ms, found 3 plugins.
Preloading 0 native plugins for Editor in 0.00 ms.
Mono: successfully reloaded assembly
- Completed reload, in  0.746 seconds
Platform modules already initialized, skipping
Refreshing native plugins compatible for Editor in 0.32 ms, found 3 plugins.
Preloading 0 native plugins for Editor in 0.00 ms.
Unloading 2095 Unused Serialized files (Serialized files now loaded: 0)
System memory in use before: 96.8 MB.
System memory in use after: 96.8 MB.

Unloading 21 unused Assets to reduce memory usage. Loaded Objects now: 2633.
Total: 1.649700 ms (FindLiveObjects: 0.151100 ms CreateObjectMapping: 0.063100 ms MarkObjects: 1.359400 ms  DeleteObjects: 0.075400 ms)

AssetImportParameters requested are different than current active one (requested -> active):
  custom:framework-win-MediaFoundation: 216162199b28c13a410421893ffa2e32 -> 
  custom:video-decoder-ogg-theora: a1e56fd34408186e4bbccfd4996cb3dc -> 
  custom:container-muxer-webm: aa71ff27fc2769a1b78a27578f13a17b -> 
  custom:container-demuxer-webm: 4f35f7cbe854078d1ac9338744f61a02 -> 
  custom:container-demuxer-ogg: 62fdf1f143b41e24485cea50d1cbac27 -> 
  custom:video-encoder-webm-vp8: eb34c28f22e8b96e1ab97ce403110664 -> 
  custom:video-decoder-webm-vp8: 9c59270c3fd7afecdb556c50c9e8de78 -> 
  custom:audio-decoder-ogg-vorbis: bf7c407c2cedff20999df2af8eb42d56 -> 
  custom:audio-encoder-webm-vorbis: bf7c407c2cedff20999df2af8eb42d56 -> 
========================================================================
Received Import Request.
  Time since last request: 958.239348 seconds.
  path: Assets/enemyFighter.prefab
  artifactKey: Guid(05aa358947b1c5d469a235e069e67caa) Importer(815301076,1909f56bfc062723c751e8b465ee728b)
Start importing Assets/enemyFighter.prefab using Guid(05aa358947b1c5d469a235e069e67caa) Importer(815301076,1909f56bfc062723c751e8b465ee728b)  -> (artifact id: '78922ef2580821b878304d80d4925596') in 0.040923 seconds 
  Import took 0.043435 seconds .

========================================================================
Received Prepare
Registering precompiled user dll's ...
Registered in 0.003811 seconds.
Begin MonoManager ReloadAssembly
Native extension for LinuxStandalone target not found
Native extension for WindowsStandalone target not found
Native extension for WebGL target not found
Refreshing native plugins compatible for Editor in 0.40 ms, found 3 plugins.
Preloading 0 native plugins for Editor in 0.00 ms.
Mono: successfully reloaded assembly
- Completed reload, in  0.749 seconds
Platform modules already initialized, skipping
Refreshing native plugins compatible for Editor in 0.33 ms, found 3 plugins.
Preloading 0 native plugins for Editor in 0.00 ms.
Unloading 2095 Unused Serialized files (Serialized files now loaded: 0)
System memory in use before: 96.8 MB.
System memory in use after: 96.8 MB.

Unloading 21 unused Assets to reduce memory usage. Loaded Objects now: 2638.
Total: 1.688700 ms (FindLiveObjects: 0.149700 ms CreateObjectMapping: 0.064100 ms MarkObjects: 1.386400 ms  DeleteObjects: 0.087800 ms)

AssetImportParameters requested are different than current active one (requested -> active):
  custom:framework-win-MediaFoundation: 216162199b28c13a410421893ffa2e32 -> 
  custom:video-decoder-ogg-theora: a1e56fd34408186e4bbccfd4996cb3dc -> 
  custom:container-muxer-webm: aa71ff27fc2769a1b78a27578f13a17b -> 
  custom:container-demuxer-webm: 4f35f7cbe854078d1ac9338744f61a02 -> 
  custom:container-demuxer-ogg: 62fdf1f143b41e24485cea50d1cbac27 -> 
  custom:video-encoder-webm-vp8: eb34c28f22e8b96e1ab97ce403110664 -> 
  custom:video-decoder-webm-vp8: 9c59270c3fd7afecdb556c50c9e8de78 -> 
  custom:audio-decoder-ogg-vorbis: bf7c407c2cedff20999df2af8eb42d56 -> 
  custom:audio-encoder-webm-vorbis: bf7c407c2cedff20999df2af8eb42d56 -> 
========================================================================
Received Import Request.
  Time since last request: 260.642466 seconds.
  path: Assets/enemyFighter.prefab
  artifactKey: Guid(05aa358947b1c5d469a235e069e67caa) Importer(815301076,1909f56bfc062723c751e8b465ee728b)
Start importing Assets/enemyFighter.prefab using Guid(05aa358947b1c5d469a235e069e67caa) Importer(815301076,1909f56bfc062723c751e8b465ee728b)  -> (artifact id: '3e9fa3c817899868b8d0b7cc78859154') in 0.041292 seconds 
  Import took 0.043819 seconds .

========================================================================
Received Import Request.
  Time since last request: 2.401962 seconds.
  path: Assets/enemyFighter.prefab
  artifactKey: Guid(05aa358947b1c5d469a235e069e67caa) Importer(815301076,1909f56bfc062723c751e8b465ee728b)
Start importing Assets/enemyFighter.prefab using Guid(05aa358947b1c5d469a235e069e67caa) Importer(815301076,1909f56bfc062723c751e8b465ee728b)  -> (artifact id: '5e3efe8dfa1572ae5945c0596ecbce38') in 0.010819 seconds 
  Import took 0.013403 seconds .

========================================================================
Received Prepare
Registering precompiled user dll's ...
Registered in 0.003384 seconds.
Begin MonoManager ReloadAssembly
Native extension for LinuxStandalone target not found
Native extension for WindowsStandalone target not found
Native extension for WebGL target not found
Refreshing native plugins compatible for Editor in 0.39 ms, found 3 plugins.
Preloading 0 native plugins for Editor in 0.00 ms.
Mono: successfully reloaded assembly
- Completed reload, in  0.762 seconds
Platform modules already initialized, skipping
Refreshing native plugins compatible for Editor in 0.32 ms, found 3 plugins.
Preloading 0 native plugins for Editor in 0.00 ms.
Unloading 2095 Unused Serialized files (Serialized files now loaded: 0)
System memory in use before: 96.8 MB.
System memory in use after: 96.8 MB.

Unloading 21 unused Assets to reduce memory usage. Loaded Objects now: 2643.
Total: 1.621900 ms (FindLiveObjects: 0.153700 ms CreateObjectMapping: 0.066900 ms MarkObjects: 1.326100 ms  DeleteObjects: 0.074400 ms)

AssetImportParameters requested are different than current active one (requested -> active):
  custom:framework-win-MediaFoundation: 216162199b28c13a410421893ffa2e32 -> 
  custom:video-decoder-ogg-theora: a1e56fd34408186e4bbccfd4996cb3dc -> 
  custom:container-muxer-webm: aa71ff27fc2769a1b78a27578f13a17b -> 
  custom:container-demuxer-webm: 4f35f7cbe854078d1ac9338744f61a02 -> 
  custom:container-demuxer-ogg: 62fdf1f143b41e24485cea50d1cbac27 -> 
  custom:video-encoder-webm-vp8: eb34c28f22e8b96e1ab97ce403110664 -> 
  custom:video-decoder-webm-vp8: 9c59270c3fd7afecdb556c50c9e8de78 -> 
  custom:audio-decoder-ogg-vorbis: bf7c407c2cedff20999df2af8eb42d56 -> 
  custom:audio-encoder-webm-vorbis: bf7c407c2cedff20999df2af8eb42d56 -> 
========================================================================
Received Prepare
Registering precompiled user dll's ...
Registered in 0.003449 seconds.
Begin MonoManager ReloadAssembly
Native extension for LinuxStandalone target not found
Native extension for WindowsStandalone target not found
Native extension for WebGL target not found
Refreshing native plugins compatible for Editor in 0.34 ms, found 3 plugins.
Preloading 0 native plugins for Editor in 0.00 ms.
Mono: successfully reloaded assembly
- Completed reload, in  0.776 seconds
Platform modules already initialized, skipping
Refreshing native plugins compatible for Editor in 0.38 ms, found 3 plugins.
Preloading 0 native plugins for Editor in 0.00 ms.
Unloading 2095 Unused Serialized files (Serialized files now loaded: 0)
System memory in use before: 96.8 MB.
System memory in use after: 96.8 MB.

Unloading 21 unused Assets to reduce memory usage. Loaded Objects now: 2647.
Total: 2.005700 ms (FindLiveObjects: 0.176600 ms CreateObjectMapping: 0.070000 ms MarkObjects: 1.662600 ms  DeleteObjects: 0.095500 ms)

AssetImportParameters requested are different than current active one (requested -> active):
  custom:framework-win-MediaFoundation: 216162199b28c13a410421893ffa2e32 -> 
  custom:video-decoder-ogg-theora: a1e56fd34408186e4bbccfd4996cb3dc -> 
  custom:container-muxer-webm: aa71ff27fc2769a1b78a27578f13a17b -> 
  custom:container-demuxer-webm: 4f35f7cbe854078d1ac9338744f61a02 -> 
  custom:container-demuxer-ogg: 62fdf1f143b41e24485cea50d1cbac27 -> 
  custom:video-encoder-webm-vp8: eb34c28f22e8b96e1ab97ce403110664 -> 
  custom:video-decoder-webm-vp8: 9c59270c3fd7afecdb556c50c9e8de78 -> 
  custom:audio-decoder-ogg-vorbis: bf7c407c2cedff20999df2af8eb42d56 -> 
  custom:audio-encoder-webm-vorbis: bf7c407c2cedff20999df2af8eb42d56 -> 
========================================================================
Received Prepare
Refreshing native plugins compatible for Editor in 3.20 ms, found 3 plugins.
Preloading 0 native plugins for Editor in 0.00 ms.
Unloading 19 Unused Serialized files (Serialized files now loaded: 0)
System memory in use before: 55.8 MB.
System memory in use after: 55.8 MB.

Unloading 19 unused Assets to reduce memory usage. Loaded Objects now: 2647.
Total: 1.917100 ms (FindLiveObjects: 0.141100 ms CreateObjectMapping: 0.062000 ms MarkObjects: 1.630000 ms  DeleteObjects: 0.083400 ms)

AssetImportParameters requested are different than current active one (requested -> active):
  custom:framework-win-MediaFoundation: 216162199b28c13a410421893ffa2e32 -> 
  custom:video-decoder-ogg-theora: a1e56fd34408186e4bbccfd4996cb3dc -> 
  custom:container-muxer-webm: aa71ff27fc2769a1b78a27578f13a17b -> 
  custom:container-demuxer-webm: 4f35f7cbe854078d1ac9338744f61a02 -> 
  custom:container-demuxer-ogg: 62fdf1f143b41e24485cea50d1cbac27 -> 
  custom:video-encoder-webm-vp8: eb34c28f22e8b96e1ab97ce403110664 -> 
  custom:video-decoder-webm-vp8: 9c59270c3fd7afecdb556c50c9e8de78 -> 
  custom:audio-decoder-ogg-vorbis: bf7c407c2cedff20999df2af8eb42d56 -> 
  custom:audio-encoder-webm-vorbis: bf7c407c2cedff20999df2af8eb42d56 -> 
========================================================================
Received Prepare
Refreshing native plugins compatible for Editor in 3.05 ms, found 3 plugins.
Preloading 0 native plugins for Editor in 0.00 ms.
Unloading 19 Unused Serialized files (Serialized files now loaded: 0)
System memory in use before: 55.8 MB.
System memory in use after: 55.8 MB.

Unloading 19 unused Assets to reduce memory usage. Loaded Objects now: 2647.
Total: 1.720300 ms (FindLiveObjects: 0.145100 ms CreateObjectMapping: 0.068200 ms MarkObjects: 1.419600 ms  DeleteObjects: 0.086900 ms)

AssetImportParameters requested are different than current active one (requested -> active):
  custom:framework-win-MediaFoundation: 216162199b28c13a410421893ffa2e32 -> 
  custom:video-decoder-ogg-theora: a1e56fd34408186e4bbccfd4996cb3dc -> 
  custom:container-muxer-webm: aa71ff27fc2769a1b78a27578f13a17b -> 
  custom:container-demuxer-webm: 4f35f7cbe854078d1ac9338744f61a02 -> 
  custom:container-demuxer-ogg: 62fdf1f143b41e24485cea50d1cbac27 -> 
  custom:video-encoder-webm-vp8: eb34c28f22e8b96e1ab97ce403110664 -> 
  custom:video-decoder-webm-vp8: 9c59270c3fd7afecdb556c50c9e8de78 -> 
  custom:audio-decoder-ogg-vorbis: bf7c407c2cedff20999df2af8eb42d56 -> 
  custom:audio-encoder-webm-vorbis: bf7c407c2cedff20999df2af8eb42d56 -> 
========================================================================
Received Import Request.
  Time since last request: 329.354747 seconds.
  path: Assets/4mus7jfc.bmp
  artifactKey: Guid(88b13af1f2aed8846a92c4ed1b307f3b) Importer(815301076,1909f56bfc062723c751e8b465ee728b)
Start importing Assets/4mus7jfc.bmp using Guid(88b13af1f2aed8846a92c4ed1b307f3b) Importer(815301076,1909f56bfc062723c751e8b465ee728b)  -> (artifact id: '2a19c1f18734357d5f708d4379867ada') in 0.033660 seconds 
  Import took 0.036308 seconds .

========================================================================
Received Import Request.
  Time since last request: 0.000138 seconds.
  path: Assets/kuo4kqbx.bmp
  artifactKey: Guid(846647df925383046b2dc218f52560cb) Importer(815301076,1909f56bfc062723c751e8b465ee728b)
Start importing Assets/kuo4kqbx.bmp using Guid(846647df925383046b2dc218f52560cb) Importer(815301076,1909f56bfc062723c751e8b465ee728b)  -> (artifact id: 'b3865ffc8b293eb852fdcc4ea9e8d468') in 0.008019 seconds 
  Import took 0.010290 seconds .

========================================================================
Received Import Request.
  Time since last request: 0.000128 seconds.
  path: Assets/23y1yoq3.bmp
  artifactKey: Guid(6dd9e81aa01c01e48a5a3717aa262e20) Importer(815301076,1909f56bfc062723c751e8b465ee728b)
Start importing Assets/23y1yoq3.bmp using Guid(6dd9e81aa01c01e48a5a3717aa262e20) Importer(815301076,1909f56bfc062723c751e8b465ee728b)  -> (artifact id: '743cd042a94d2222428721bed3bd613f') in 0.007395 seconds 
  Import took 0.009774 seconds .

========================================================================
Received Import Request.
  Time since last request: 0.000136 seconds.
  path: Assets/badhit.wav
  artifactKey: Guid(5bd7de9e427dd134cadabc7efacb719e) Importer(815301076,1909f56bfc062723c751e8b465ee728b)
Start importing Assets/badhit.wav using Guid(5bd7de9e427dd134cadabc7efacb719e) Importer(815301076,1909f56bfc062723c751e8b465ee728b)  -> (artifact id: 'a5b8bd3dfc971350369fc3a3799d54fd') in 0.015652 seconds 
  Import took 0.018089 seconds .

========================================================================
Received Import Request.
  Time since last request: 0.000143 seconds.
  path: Assets/wja2ikvt.bmp
  artifactKey: Guid(91a20533d95bbff40930aad1635fbd90) Importer(815301076,1909f56bfc062723c751e8b465ee728b)
Start importing Assets/wja2ikvt.bmp using Guid(91a20533d95bbff40930aad1635fbd90) Importer(815301076,1909f56bfc062723c751e8b465ee728b)  -> (artifact id: '39806e0f23e6841aaca971682496b7bb') in 0.009352 seconds 
  Import took 0.011758 seconds .

========================================================================
Received Import Request.
  Time since last request: 0.000134 seconds.
  path: Assets/bgmusic.wav
  artifactKey: Guid(630f1411ce2a15c4dae59c10ccdd3c5e) Importer(815301076,1909f56bfc062723c751e8b465ee728b)
Start importing Assets/bgmusic.wav using Guid(630f1411ce2a15c4dae59c10ccdd3c5e) Importer(815301076,1909f56bfc062723c751e8b465ee728b)  -> (artifact id: 'e5a552dfa83921ef3639813cb4a99454') in 0.008436 seconds 
  Import took 0.010922 seconds .

========================================================================
Received Import Request.
  Time since last request: 0.000135 seconds.
  path: Assets/hit.wav
  artifactKey: Guid(90079f338df5a7d40ac01a3d2cbc22d2) Importer(815301076,1909f56bfc062723c751e8b465ee728b)
Start importing Assets/hit.wav using Guid(90079f338df5a7d40ac01a3d2cbc22d2) Importer(815301076,1909f56bfc062723c751e8b465ee728b)  -> (artifact id: 'b457db7f83dff228c377bc9c2a7e802e') in 0.007833 seconds 
  Import took 0.010205 seconds .

========================================================================
Received Import Request.
  Time since last request: 0.000147 seconds.
  path: Assets/PlayerLaser.wav
  artifactKey: Guid(b054bff0c79a9464fa66f1636db9a2af) Importer(815301076,1909f56bfc062723c751e8b465ee728b)
Start importing Assets/PlayerLaser.wav using Guid(b054bff0c79a9464fa66f1636db9a2af) Importer(815301076,1909f56bfc062723c751e8b465ee728b)  -> (artifact id: '44f8e4fecffc714289014a476035293c') in 0.007983 seconds 
  Import took 0.010397 seconds .

========================================================================
Received Import Request.
  Time since last request: 0.000164 seconds.
  path: Assets/scrap.wav
  artifactKey: Guid(199281d0317ac904b8b39e3eaa43b98c) Importer(815301076,1909f56bfc062723c751e8b465ee728b)
Start importing Assets/scrap.wav using Guid(199281d0317ac904b8b39e3eaa43b98c) Importer(815301076,1909f56bfc062723c751e8b465ee728b)  -> (artifact id: '3d7cd31bc3b48e6ecfe83216a5a44320') in 0.009646 seconds 
  Import took 0.012009 seconds .

========================================================================
Received Import Request.
  Time since last request: 0.000144 seconds.
  path: Assets/badlaser.wav
  artifactKey: Guid(828d262bc1ef8634a8b3a0be2a7e6f02) Importer(815301076,1909f56bfc062723c751e8b465ee728b)
Start importing Assets/badlaser.wav using Guid(828d262bc1ef8634a8b3a0be2a7e6f02) Importer(815301076,1909f56bfc062723c751e8b465ee728b)  -> (artifact id: '449afb4b60b1d9c2f8c62ec948d6fef3') in 0.007472 seconds 
  Import took 0.010043 seconds .

========================================================================
Received Import Request.
  Time since last request: 0.000143 seconds.
  path: Assets/q4vgq80u.bmp
  artifactKey: Guid(fe954588e323ddd4c88e4f69680e7c62) Importer(815301076,1909f56bfc062723c751e8b465ee728b)
Start importing Assets/q4vgq80u.bmp using Guid(fe954588e323ddd4c88e4f69680e7c62) Importer(815301076,1909f56bfc062723c751e8b465ee728b)  -> (artifact id: 'c34015c34e300e89de3421dca76d200a') in 0.008120 seconds 
  Import took 0.010602 seconds .

========================================================================
Received Import Request.
  Time since last request: 0.000133 seconds.
  path: Assets/crash.wav
  artifactKey: Guid(afc0d5c0b2747b942bd061dde555453d) Importer(815301076,1909f56bfc062723c751e8b465ee728b)
Start importing Assets/crash.wav using Guid(afc0d5c0b2747b942bd061dde555453d) Importer(815301076,1909f56bfc062723c751e8b465ee728b)  -> (artifact id: 'a0352e1f25c82af3630799ab252bf208') in 0.008754 seconds 
  Import took 0.011300 seconds .

========================================================================
Received Prepare
Refreshing native plugins compatible for Editor in 3.06 ms, found 3 plugins.
Preloading 0 native plugins for Editor in 0.00 ms.
Unloading 19 Unused Serialized files (Serialized files now loaded: 0)
System memory in use before: 56.0 MB.
System memory in use after: 56.0 MB.

Unloading 19 unused Assets to reduce memory usage. Loaded Objects now: 2648.
Total: 1.987400 ms (FindLiveObjects: 0.151700 ms CreateObjectMapping: 0.063700 ms MarkObjects: 1.693900 ms  DeleteObjects: 0.077500 ms)

AssetImportParameters requested are different than current active one (requested -> active):
  custom:framework-win-MediaFoundation: 216162199b28c13a410421893ffa2e32 -> 
  custom:video-decoder-ogg-theora: a1e56fd34408186e4bbccfd4996cb3dc -> 
  custom:container-muxer-webm: aa71ff27fc2769a1b78a27578f13a17b -> 
  custom:container-demuxer-webm: 4f35f7cbe854078d1ac9338744f61a02 -> 
  custom:container-demuxer-ogg: 62fdf1f143b41e24485cea50d1cbac27 -> 
  custom:video-encoder-webm-vp8: eb34c28f22e8b96e1ab97ce403110664 -> 
  custom:video-decoder-webm-vp8: 9c59270c3fd7afecdb556c50c9e8de78 -> 
  custom:audio-decoder-ogg-vorbis: bf7c407c2cedff20999df2af8eb42d56 -> 
  custom:audio-encoder-webm-vorbis: bf7c407c2cedff20999df2af8eb42d56 -> 
========================================================================
Received Prepare
Refreshing native plugins compatible for Editor in 3.06 ms, found 3 plugins.
Preloading 0 native plugins for Editor in 0.00 ms.
Unloading 19 Unused Serialized files (Serialized files now loaded: 0)
System memory in use before: 56.0 MB.
System memory in use after: 56.0 MB.

Unloading 19 unused Assets to reduce memory usage. Loaded Objects now: 2648.
Total: 2.606700 ms (FindLiveObjects: 0.173500 ms CreateObjectMapping: 0.064700 ms MarkObjects: 2.284300 ms  DeleteObjects: 0.083500 ms)

AssetImportParameters requested are different than current active one (requested -> active):
  custom:framework-win-MediaFoundation: 216162199b28c13a410421893ffa2e32 -> 
  custom:video-decoder-ogg-theora: a1e56fd34408186e4bbccfd4996cb3dc -> 
  custom:container-muxer-webm: aa71ff27fc2769a1b78a27578f13a17b -> 
  custom:container-demuxer-webm: 4f35f7cbe854078d1ac9338744f61a02 -> 
  custom:container-demuxer-ogg: 62fdf1f143b41e24485cea50d1cbac27 -> 
  custom:video-encoder-webm-vp8: eb34c28f22e8b96e1ab97ce403110664 -> 
  custom:video-decoder-webm-vp8: 9c59270c3fd7afecdb556c50c9e8de78 -> 
  custom:audio-decoder-ogg-vorbis: bf7c407c2cedff20999df2af8eb42d56 -> 
  custom:audio-encoder-webm-vorbis: bf7c407c2cedff20999df2af8eb42d56 -> 
